Using pre-set license
Built from '2022.3/staging' branch; Version is '2022.3.22f1 (887be4894c44) revision 8944612'; Using compiler version '192829333'; Build Type 'Release'
OS: 'Windows 11  (10.0.22631) 64bit CoreSingleLanguage' Language: 'en' Physical Memory: 16108 MB
BatchMode: 1, IsHumanControllingUs: 0, StartBugReporterOnCrash: 0, Is64bit: 1, IsPro: 1

COMMAND LINE ARGUMENTS:
C:\Program Files\Unity\Hub\Editor\2022.3.22f1\Editor\Unity.exe
-adb2
-batchMode
-noUpm
-name
AssetImportWorker0
-projectPath
C:/UnityProjects/dPro
-logFile
Logs/AssetImportWorker0.log
-srvPort
56284
Successfully changed project path to: C:/UnityProjects/dPro
C:/UnityProjects/dPro
[UnityMemory] Configuration Parameters - Can be set up in boot.config
    "memorysetup-bucket-allocator-granularity=16"
    "memorysetup-bucket-allocator-bucket-count=8"
    "memorysetup-bucket-allocator-block-size=33554432"
    "memorysetup-bucket-allocator-block-count=8"
    "memorysetup-main-allocator-block-size=16777216"
    "memorysetup-thread-allocator-block-size=16777216"
    "memorysetup-gfx-main-allocator-block-size=16777216"
    "memorysetup-gfx-thread-allocator-block-size=16777216"
    "memorysetup-cache-allocator-block-size=4194304"
    "memorysetup-typetree-allocator-block-size=2097152"
    "memorysetup-profiler-bucket-allocator-granularity=16"
    "memorysetup-profiler-bucket-allocator-bucket-count=8"
    "memorysetup-profiler-bucket-allocator-block-size=33554432"
    "memorysetup-profiler-bucket-allocator-block-count=8"
    "memorysetup-profiler-allocator-block-size=16777216"
    "memorysetup-profiler-editor-allocator-block-size=1048576"
    "memorysetup-temp-allocator-size-main=16777216"
    "memorysetup-job-temp-allocator-block-size=2097152"
    "memorysetup-job-temp-allocator-block-size-background=1048576"
    "memorysetup-job-temp-allocator-reduction-small-platforms=262144"
    "memorysetup-allocator-temp-initial-block-size-main=262144"
    "memorysetup-allocator-temp-initial-block-size-worker=262144"
    "memorysetup-temp-allocator-size-background-worker=32768"
    "memorysetup-temp-allocator-size-job-worker=262144"
    "memorysetup-temp-allocator-size-preload-manager=33554432"
    "memorysetup-temp-allocator-size-nav-mesh-worker=65536"
    "memorysetup-temp-allocator-size-audio-worker=65536"
    "memorysetup-temp-allocator-size-cloud-worker=32768"
    "memorysetup-temp-allocator-size-gi-baking-worker=262144"
    "memorysetup-temp-allocator-size-gfx=262144"
Player connection [38984] Host "[IP] 192.168.78.98 [Port] 0 [Flags] 2 [Guid] 3034891202 [EditorId] 3034891202 [Version] 1048832 [Id] WindowsEditor(7,Lakshya) [Debug] 1 [PackageName] WindowsEditor [ProjectName] Editor" joined multi-casting on [225.0.0.222:54997]...

Player connection [38984] Host "[IP] 192.168.78.98 [Port] 0 [Flags] 2 [Guid] 3034891202 [EditorId] 3034891202 [Version] 1048832 [Id] WindowsEditor(7,Lakshya) [Debug] 1 [PackageName] WindowsEditor [ProjectName] Editor" joined alternative multi-casting on [225.0.0.222:34997]...

[Physics::Module] Initialized MultithreadedJobDispatcher with 11 workers.
Refreshing native plugins compatible for Editor in 8.00 ms, found 4 plugins.
Preloading 0 native plugins for Editor in 0.00 ms.
Initialize engine version: 2022.3.22f1 (887be4894c44)
[Subsystems] Discovering subsystems at path C:/Program Files/Unity/Hub/Editor/2022.3.22f1/Editor/Data/Resources/UnitySubsystems
[Subsystems] Discovering subsystems at path C:/UnityProjects/dPro/Assets
GfxDevice: creating device client; threaded=0; jobified=0
Direct3D:
    Version:  Direct3D 11.0 [level 11.1]
    Renderer: NVIDIA GeForce RTX 3050 6GB Laptop GPU (ID=0x25ec)
    Vendor:   NVIDIA
    VRAM:     6002 MB
    Driver:   31.0.15.5212
Initialize mono
Mono path[0] = 'C:/Program Files/Unity/Hub/Editor/2022.3.22f1/Editor/Data/Managed'
Mono path[1] = 'C:/Program Files/Unity/Hub/Editor/2022.3.22f1/Editor/Data/MonoBleedingEdge/lib/mono/unityjit-win32'
Mono config path = 'C:/Program Files/Unity/Hub/Editor/2022.3.22f1/Editor/Data/MonoBleedingEdge/etc'
Using monoOptions --debugger-agent=transport=dt_socket,embedding=1,server=y,suspend=n,address=127.0.0.1:56024
Begin MonoManager ReloadAssembly
Registering precompiled unity dll's ...
Register platform support module: C:/Program Files/Unity/Hub/Editor/2022.3.22f1/Editor/Data/PlaybackEngines/AndroidPlayer/UnityEditor.Android.Extensions.dll
Register platform support module: C:/Program Files/Unity/Hub/Editor/2022.3.22f1/Editor/Data/PlaybackEngines/iOSSupport/UnityEditor.iOS.Extensions.dll
Register platform support module: C:/Program Files/Unity/Hub/Editor/2022.3.22f1/Editor/Data/PlaybackEngines/VisionOSPlayer/UnityEditor.VisionOS.Extensions.dll
Register platform support module: C:/Program Files/Unity/Hub/Editor/2022.3.22f1/Editor/Data/PlaybackEngines/WindowsStandaloneSupport/UnityEditor.WindowsStandalone.Extensions.dll
Registered in 0.010676 seconds.
- Loaded All Assemblies, in  0.316 seconds
Native extension for WindowsStandalone target not found
Failed to load: C:/Program Files/Unity/Hub/Editor/2022.3.22f1/Editor/Data/PlaybackEngines/VisionOSPlayer\x64\UnityEditor.VisionOS.Native.dll
Native extension for VisionOS target not found
[usbmuxd] Start listen thread
[usbmuxd] Listen thread started
Native extension for iOS target not found
Native extension for Android target not found
Android Extension - Scanning For ADB Devices 293 ms
Mono: successfully reloaded assembly
- Finished resetting the current domain, in  0.597 seconds
Domain Reload Profiling: 910ms
	BeginReloadAssembly (95ms)
		ExecutionOrderSort (0ms)
		DisableScriptedObjects (0ms)
		BackupInstance (0ms)
		ReleaseScriptingObjects (0ms)
		CreateAndSetChildDomain (1ms)
	RebuildCommonClasses (32ms)
	RebuildNativeTypeToScriptingClass (8ms)
	initialDomainReloadingComplete (50ms)
	LoadAllAssembliesAndSetupDomain (127ms)
		LoadAssemblies (94ms)
		RebuildTransferFunctionScriptingTraits (0ms)
		AnalyzeDomain (124ms)
			TypeCache.Refresh (123ms)
				TypeCache.ScanAssembly (110ms)
			ScanForSourceGeneratedMonoScriptInfo (0ms)
			ResolveRequiredComponents (0ms)
	FinalizeReload (598ms)
		ReleaseScriptCaches (0ms)
		RebuildScriptCaches (0ms)
		SetupLoadedEditorAssemblies (544ms)
			LogAssemblyErrors (0ms)
			InitializePlatformSupportModulesInManaged (403ms)
			SetLoadedEditorAssemblies (4ms)
			RefreshPlugins (0ms)
			BeforeProcessingInitializeOnLoad (2ms)
			ProcessInitializeOnLoadAttributes (100ms)
			ProcessInitializeOnLoadMethodAttributes (35ms)
			AfterProcessingInitializeOnLoad (0ms)
			EditorAssembliesLoaded (0ms)
		ExecutionOrderSort2 (0ms)
		AwakeInstancesAfterBackupRestoration (0ms)
========================================================================
Worker process is ready to serve import requests
Begin MonoManager ReloadAssembly
- Loaded All Assemblies, in  0.689 seconds
Refreshing native plugins compatible for Editor in 2.82 ms, found 4 plugins.
Native extension for WindowsStandalone target not found
Failed to load: C:/Program Files/Unity/Hub/Editor/2022.3.22f1/Editor/Data/PlaybackEngines/VisionOSPlayer\x64\UnityEditor.VisionOS.Native.dll
Native extension for VisionOS target not found
Native extension for iOS target not found
Native extension for Android target not found
Package Manager log level set to [2]
[Package Manager] Server::EnsureServerProcessIsRunning -- launch failed, reason: Unity was launched with the -noUpm command-line argument
[Package Manager] UpmClient::Send -- Unable to send message (not connected to UPM process).
[Package Manager] Cannot connect to Unity Package Manager local server
[Package Manager] Server::EnsureServerProcessIsRunning -- launch failed, reason: Unity was launched with the -noUpm command-line argument
[Package Manager] UpmClient::Send -- Unable to send message (not connected to UPM process).
[Package Manager] Cannot connect to Unity Package Manager local server
Mono: successfully reloaded assembly
[Package Manager] Server::EnsureServerProcessIsRunning -- launch failed, reason: Unity was launched with the -noUpm command-line argument
[Package Manager] UpmClient::Send -- Unable to send message (not connected to UPM process).
[Package Manager] Cannot connect to Unity Package Manager local server
[Package Manager] Server::EnsureServerProcessIsRunning -- launch failed, reason: Unity was launched with the -noUpm command-line argument
[Package Manager] UpmClient::Send -- Unable to send message (not connected to UPM process).
[Package Manager] Cannot connect to Unity Package Manager local server
- Finished resetting the current domain, in  0.643 seconds
Domain Reload Profiling: 1330ms
	BeginReloadAssembly (115ms)
		ExecutionOrderSort (0ms)
		DisableScriptedObjects (4ms)
		BackupInstance (0ms)
		ReleaseScriptingObjects (0ms)
		CreateAndSetChildDomain (17ms)
	RebuildCommonClasses (25ms)
	RebuildNativeTypeToScriptingClass (8ms)
	initialDomainReloadingComplete (31ms)
	LoadAllAssembliesAndSetupDomain (506ms)
		LoadAssemblies (346ms)
		RebuildTransferFunctionScriptingTraits (0ms)
		AnalyzeDomain (227ms)
			TypeCache.Refresh (197ms)
				TypeCache.ScanAssembly (178ms)
			ScanForSourceGeneratedMonoScriptInfo (22ms)
			ResolveRequiredComponents (6ms)
	FinalizeReload (644ms)
		ReleaseScriptCaches (0ms)
		RebuildScriptCaches (0ms)
		SetupLoadedEditorAssemblies (509ms)
			LogAssemblyErrors (0ms)
			InitializePlatformSupportModulesInManaged (31ms)
			SetLoadedEditorAssemblies (4ms)
			RefreshPlugins (0ms)
			BeforeProcessingInitializeOnLoad (92ms)
			ProcessInitializeOnLoadAttributes (354ms)
			ProcessInitializeOnLoadMethodAttributes (21ms)
			AfterProcessingInitializeOnLoad (6ms)
			EditorAssembliesLoaded (0ms)
		ExecutionOrderSort2 (0ms)
		AwakeInstancesAfterBackupRestoration (6ms)
Launched and connected shader compiler UnityShaderCompiler.exe after 0.06 seconds
Refreshing native plugins compatible for Editor in 3.19 ms, found 4 plugins.
Preloading 0 native plugins for Editor in 0.00 ms.
Unloading 4299 Unused Serialized files (Serialized files now loaded: 0)
Unloading 55 unused Assets / (1.1 MB). Loaded Objects now: 4760.
Memory consumption went from 158.1 MB to 157.0 MB.
Total: 3.629300 ms (FindLiveObjects: 0.255400 ms CreateObjectMapping: 0.178400 ms MarkObjects: 2.739900 ms  DeleteObjects: 0.454300 ms)

AssetImportParameters requested are different than current active one (requested -> active):
  custom:container-demuxer-ogg: 62fdf1f143b41e24485cea50d1cbac27 -> 
  custom:video-codec-MediaFoundation-h265: 746d11721c4dcdbdad8f713fa42b33f4 -> 
  custom:video-decoder-ogg-theora: a1e56fd34408186e4bbccfd4996cb3dc -> 
  custom:framework-win-MediaFoundation: 216162199b28c13a410421893ffa2e32 -> 
  custom:CustomObjectIndexerAttribute: 9a22284fe3817be447336de3de66b15e -> 
  custom:container-demuxer-webm: 4f35f7cbe854078d1ac9338744f61a02 -> 
  custom:container-muxer-webm: aa71ff27fc2769a1b78a27578f13a17b -> 
  custom:video-decoder-webm-vp8: 9c59270c3fd7afecdb556c50c9e8de78 -> 
  custom:SearchIndexIgnoredProperties: e643bd26f0fe6173181afceb89e7c659 -> 
  custom:AudioImporter_EditorPlatform: d09bf68614088b80899f8185d706f6e7 -> 
  custom:video-encoder-webm-vp8: eb34c28f22e8b96e1ab97ce403110664 -> 
  custom:audio-decoder-ogg-vorbis: bf7c407c2cedff20999df2af8eb42d56 -> 
  custom:audio-encoder-webm-vorbis: bf7c407c2cedff20999df2af8eb42d56 -> 
========================================================================
Received Import Request.
  Time since last request: 966628.664137 seconds.
  path: Assets/UI
  artifactKey: Guid(b5561df1faf99c9429c2ee504c1a5a96) Importer(815301076,1909f56bfc062723c751e8b465ee728b)
Start importing Assets/UI using Guid(b5561df1faf99c9429c2ee504c1a5a96) Importer(815301076,1909f56bfc062723c751e8b465ee728b)  -> (artifact id: '670003eda2d18d9b78f86570676dd4f6') in 0.002016 seconds
Number of updated asset objects reloaded before import = 0
Number of asset objects unloaded after import = 0
========================================================================
Received Import Request.
  Time since last request: 7.018672 seconds.
  path: Assets/UI/vision pro
  artifactKey: Guid(3ab6ea0eeda484449b631d9c76328f3a) Importer(815301076,1909f56bfc062723c751e8b465ee728b)
Start importing Assets/UI/vision pro using Guid(3ab6ea0eeda484449b631d9c76328f3a) Importer(815301076,1909f56bfc062723c751e8b465ee728b)  -> (artifact id: 'ef8f14cd864bc069246f84aaebd8ff82') in 0.000474 seconds
Number of updated asset objects reloaded before import = 0
Number of asset objects unloaded after import = 0
========================================================================
Received Import Request.
  Time since last request: 0.779025 seconds.
  path: Assets/UI/vision pro/Begin the journey
  artifactKey: Guid(8e47a1acffe904e439ee44484149faf0) Importer(815301076,1909f56bfc062723c751e8b465ee728b)
Start importing Assets/UI/vision pro/Begin the journey using Guid(8e47a1acffe904e439ee44484149faf0) Importer(815301076,1909f56bfc062723c751e8b465ee728b)  -> (artifact id: 'f971aab8b407708a7f5bbf1501acb9ea') in 0.000558 seconds
Number of updated asset objects reloaded before import = 0
Number of asset objects unloaded after import = 0
========================================================================
Received Import Request.
  Time since last request: 0.041088 seconds.
  path: Assets/UI/vision pro/Begin the journey/A_Z_logo_white 1.png
  artifactKey: Guid(ddf3738636ef40f4b996bbc404331553) Importer(815301076,1909f56bfc062723c751e8b465ee728b)
Start importing Assets/UI/vision pro/Begin the journey/A_Z_logo_white 1.png using Guid(ddf3738636ef40f4b996bbc404331553) Importer(815301076,1909f56bfc062723c751e8b465ee728b)  -> (artifact id: 'f6504ad2e44132bb542cb421203bbf64') in 0.092787 seconds
Number of updated asset objects reloaded before import = 0
Number of asset objects unloaded after import = 3
========================================================================
Received Import Request.
  Time since last request: 0.000034 seconds.
  path: Assets/UI/vision pro/Begin the journey/Peer Practice.png
  artifactKey: Guid(f9e8af692d01e0342b2aa7f072eb1c91) Importer(815301076,1909f56bfc062723c751e8b465ee728b)
Start importing Assets/UI/vision pro/Begin the journey/Peer Practice.png using Guid(f9e8af692d01e0342b2aa7f072eb1c91) Importer(815301076,1909f56bfc062723c751e8b465ee728b)  -> (artifact id: 'd78d52a508beb2eb77aad1971eddbf8b') in 0.019144 seconds
Number of updated asset objects reloaded before import = 0
Number of asset objects unloaded after import = 3
========================================================================
Received Import Request.
  Time since last request: 0.000040 seconds.
  path: Assets/UI/vision pro/Begin the journey/dual_paths_icon_3.png
  artifactKey: Guid(c22e5aedeee2eef4584d1d6095392933) Importer(815301076,1909f56bfc062723c751e8b465ee728b)
Start importing Assets/UI/vision pro/Begin the journey/dual_paths_icon_3.png using Guid(c22e5aedeee2eef4584d1d6095392933) Importer(815301076,1909f56bfc062723c751e8b465ee728b)  -> (artifact id: '076d26d4ba29872d23f6b7847ea8a9eb') in 0.017969 seconds
Number of updated asset objects reloaded before import = 0
Number of asset objects unloaded after import = 3
========================================================================
Received Import Request.
  Time since last request: 0.000028 seconds.
  path: Assets/UI/vision pro/Begin the journey/Rectangle 5.png
  artifactKey: Guid(b778a2ca2bc01dc428608ea20ef64de0) Importer(815301076,1909f56bfc062723c751e8b465ee728b)
Start importing Assets/UI/vision pro/Begin the journey/Rectangle 5.png using Guid(b778a2ca2bc01dc428608ea20ef64de0) Importer(815301076,1909f56bfc062723c751e8b465ee728b)  -> (artifact id: '7d08fb66ec0b3d9d968660fc8de667ae') in 0.018159 seconds
Number of updated asset objects reloaded before import = 0
Number of asset objects unloaded after import = 3
========================================================================
Received Import Request.
  Time since last request: 0.000029 seconds.
  path: Assets/UI/vision pro/Begin the journey/Controls.png
  artifactKey: Guid(119cf14847df09947af522d1eeb31923) Importer(815301076,1909f56bfc062723c751e8b465ee728b)
Start importing Assets/UI/vision pro/Begin the journey/Controls.png using Guid(119cf14847df09947af522d1eeb31923) Importer(815301076,1909f56bfc062723c751e8b465ee728b)  -> (artifact id: '8d9eb63f1dd822d05251e0aa6bcb2417') in 0.014423 seconds
Number of updated asset objects reloaded before import = 0
Number of asset objects unloaded after import = 3
========================================================================
Received Import Request.
  Time since last request: 0.000021 seconds.
  path: Assets/UI/vision pro/Begin the journey/Patient Journey.png
  artifactKey: Guid(0552aaaa07b0c1a4f9f45fe1c7b5f1ca) Importer(815301076,1909f56bfc062723c751e8b465ee728b)
Start importing Assets/UI/vision pro/Begin the journey/Patient Journey.png using Guid(0552aaaa07b0c1a4f9f45fe1c7b5f1ca) Importer(815301076,1909f56bfc062723c751e8b465ee728b)  -> (artifact id: '3ae50c76213b4525ee01d43aa04fb7a8') in 0.015277 seconds
Number of updated asset objects reloaded before import = 0
Number of asset objects unloaded after import = 3
========================================================================
Received Import Request.
  Time since last request: 3.130109 seconds.
  path: Assets/UI/vision pro/Diagonisis HCP
  artifactKey: Guid(c498bb12b9dcd8742b59163e841239ab) Importer(815301076,1909f56bfc062723c751e8b465ee728b)
Start importing Assets/UI/vision pro/Diagonisis HCP using Guid(c498bb12b9dcd8742b59163e841239ab) Importer(815301076,1909f56bfc062723c751e8b465ee728b)  -> (artifact id: 'db08da8b45e936ca1685d3a0559a5265') in 0.000591 seconds
Number of updated asset objects reloaded before import = 0
Number of asset objects unloaded after import = 0
========================================================================
Received Import Request.
  Time since last request: 0.045127 seconds.
  path: Assets/UI/vision pro/Diagonisis HCP/Controls.png
  artifactKey: Guid(aaf6be8cbb6da2e46bd6873296d94215) Importer(815301076,1909f56bfc062723c751e8b465ee728b)
Start importing Assets/UI/vision pro/Diagonisis HCP/Controls.png using Guid(aaf6be8cbb6da2e46bd6873296d94215) Importer(815301076,1909f56bfc062723c751e8b465ee728b)  -> (artifact id: 'd5fd9745c5514e8fe210a11e261d6ac5') in 0.018805 seconds
Number of updated asset objects reloaded before import = 0
Number of asset objects unloaded after import = 3
========================================================================
Received Import Request.
  Time since last request: 0.000051 seconds.
  path: Assets/UI/vision pro/Diagonisis HCP/Group 4.png
  artifactKey: Guid(3ff1dd807a256f249b9247929d4ee088) Importer(815301076,1909f56bfc062723c751e8b465ee728b)
Start importing Assets/UI/vision pro/Diagonisis HCP/Group 4.png using Guid(3ff1dd807a256f249b9247929d4ee088) Importer(815301076,1909f56bfc062723c751e8b465ee728b)  -> (artifact id: '9b2a40267ef581e1c1d0128fe10c825b') in 0.016373 seconds
Number of updated asset objects reloaded before import = 0
Number of asset objects unloaded after import = 3
========================================================================
Received Import Request.
  Time since last request: 0.000020 seconds.
  path: Assets/UI/vision pro/Diagonisis HCP/Rectangle 6.png
  artifactKey: Guid(6f0d381514840e34699fd06ee4636650) Importer(815301076,1909f56bfc062723c751e8b465ee728b)
Start importing Assets/UI/vision pro/Diagonisis HCP/Rectangle 6.png using Guid(6f0d381514840e34699fd06ee4636650) Importer(815301076,1909f56bfc062723c751e8b465ee728b)  -> (artifact id: '604fe39b4d0f8b44bb76f1a6ff6398e0') in 0.015930 seconds
Number of updated asset objects reloaded before import = 0
Number of asset objects unloaded after import = 3
========================================================================
Received Import Request.
  Time since last request: 0.000047 seconds.
  path: Assets/UI/vision pro/Diagonisis HCP/Rectangle 8.png
  artifactKey: Guid(3779cc8c9ea993a41a0fb393494d6082) Importer(815301076,1909f56bfc062723c751e8b465ee728b)
Start importing Assets/UI/vision pro/Diagonisis HCP/Rectangle 8.png using Guid(3779cc8c9ea993a41a0fb393494d6082) Importer(815301076,1909f56bfc062723c751e8b465ee728b)  -> (artifact id: '49414f4cdb82823132cc6455d2cf9a84') in 0.012576 seconds
Number of updated asset objects reloaded before import = 0
Number of asset objects unloaded after import = 3
========================================================================
Received Import Request.
  Time since last request: 2.894613 seconds.
  path: Assets/UI/vision pro/Diagonisis Patients/Figma_blood_MRI 1.png
  artifactKey: Guid(cd09e5572489b8a4186f07e0606ab698) Importer(815301076,1909f56bfc062723c751e8b465ee728b)
Start importing Assets/UI/vision pro/Diagonisis Patients/Figma_blood_MRI 1.png using Guid(cd09e5572489b8a4186f07e0606ab698) Importer(815301076,1909f56bfc062723c751e8b465ee728b)  -> (artifact id: '3af5a9c0c7f40d980e5c566b358e5765') in 0.022544 seconds
Number of updated asset objects reloaded before import = 0
Number of asset objects unloaded after import = 3
========================================================================
Received Import Request.
  Time since last request: 0.000020 seconds.
  path: Assets/UI/vision pro/Diagonisis Patients/Group 4.png
  artifactKey: Guid(ae6194d4188382549ac721f1890f96cf) Importer(815301076,1909f56bfc062723c751e8b465ee728b)
Start importing Assets/UI/vision pro/Diagonisis Patients/Group 4.png using Guid(ae6194d4188382549ac721f1890f96cf) Importer(815301076,1909f56bfc062723c751e8b465ee728b)  -> (artifact id: '000e0e0a83b1c6c7ffa43f8612eb80b6') in 0.018035 seconds
Number of updated asset objects reloaded before import = 0
Number of asset objects unloaded after import = 3
========================================================================
Received Import Request.
  Time since last request: 4.052434 seconds.
  path: Assets/UI/vision pro/Disease State Menu/Menu of Options.png
  artifactKey: Guid(984f46b4be19e5f41ab70035555c9176) Importer(815301076,1909f56bfc062723c751e8b465ee728b)
Start importing Assets/UI/vision pro/Disease State Menu/Menu of Options.png using Guid(984f46b4be19e5f41ab70035555c9176) Importer(815301076,1909f56bfc062723c751e8b465ee728b)  -> (artifact id: '98924ae8a0ac31ba68b7efb6f004627f') in 0.025526 seconds
Number of updated asset objects reloaded before import = 0
Number of asset objects unloaded after import = 3
========================================================================
Received Import Request.
  Time since last request: 0.000034 seconds.
  path: Assets/UI/vision pro/Disease State Menu/Window and Window Controlsa.png
  artifactKey: Guid(3a2804f116bcf45459a9e2d0dabfd043) Importer(815301076,1909f56bfc062723c751e8b465ee728b)
Start importing Assets/UI/vision pro/Disease State Menu/Window and Window Controlsa.png using Guid(3a2804f116bcf45459a9e2d0dabfd043) Importer(815301076,1909f56bfc062723c751e8b465ee728b)  -> (artifact id: '5488eb9fc0b7ba9e9a6fa57042dc0d00') in 0.018739 seconds
Number of updated asset objects reloaded before import = 0
Number of asset objects unloaded after import = 3
========================================================================
Received Import Request.
  Time since last request: 3.044824 seconds.
  path: Assets/UI/vision pro/Practice menu/Menu of Options.png
  artifactKey: Guid(1b80d59e9db12aa4c8f8d66a07ed17c2) Importer(815301076,1909f56bfc062723c751e8b465ee728b)
Start importing Assets/UI/vision pro/Practice menu/Menu of Options.png using Guid(1b80d59e9db12aa4c8f8d66a07ed17c2) Importer(815301076,1909f56bfc062723c751e8b465ee728b)  -> (artifact id: '5ef8af74ef94742c3f5d1737912bd9d9') in 0.104580 seconds
Number of updated asset objects reloaded before import = 0
Number of asset objects unloaded after import = 3
Editor requested this worker to shutdown with reason: Scaling down because of idle timeout
TcpMessagingSession - receive error: operation aborted. errorcode: 995, details: The I/O operation has been aborted because of either a thread exit or an application request.
AssetImportWorker is now disconnected from the server
Process exiting
Exiting without the bug reporter. Application will terminate with return code 0